TN:
SF:src/components/islands/ClassTree.tsx
FN:1,(empty-report)
FNF:1
FNH:0
FNDA:0,(empty-report)
DA:1,0
DA:23,0
DA:25,0
DA:26,0
DA:27,0
DA:28,0
DA:29,0
DA:30,0
DA:31,0
DA:32,0
DA:34,0
DA:35,0
DA:36,0
DA:37,0
DA:38,0
DA:39,0
DA:40,0
DA:41,0
DA:42,0
DA:43,0
DA:45,0
DA:46,0
DA:47,0
DA:48,0
DA:49,0
DA:50,0
DA:51,0
DA:52,0
DA:54,0
DA:55,0
DA:57,0
DA:58,0
DA:59,0
DA:60,0
DA:61,0
DA:62,0
DA:63,0
DA:64,0
DA:65,0
DA:67,0
DA:68,0
DA:69,0
DA:71,0
DA:72,0
DA:73,0
DA:74,0
DA:75,0
DA:76,0
DA:77,0
DA:78,0
DA:79,0
DA:80,0
DA:81,0
DA:82,0
DA:83,0
DA:84,0
DA:85,0
DA:86,0
DA:87,0
DA:88,0
DA:90,0
DA:91,0
DA:92,0
DA:93,0
DA:94,0
DA:96,0
DA:97,0
DA:98,0
DA:99,0
DA:100,0
DA:101,0
DA:102,0
DA:103,0
DA:104,0
DA:105,0
DA:106,0
DA:109,0
DA:110,0
DA:111,0
DA:112,0
DA:113,0
DA:114,0
DA:115,0
DA:116,0
DA:117,0
DA:118,0
DA:119,0
DA:120,0
DA:121,0
DA:122,0
DA:123,0
DA:124,0
DA:125,0
DA:126,0
DA:128,0
DA:129,0
DA:130,0
DA:133,0
DA:134,0
DA:135,0
DA:136,0
DA:137,0
DA:138,0
DA:139,0
DA:140,0
DA:141,0
DA:142,0
DA:143,0
DA:144,0
DA:145,0
DA:146,0
DA:147,0
DA:148,0
DA:149,0
DA:150,0
DA:151,0
DA:152,0
DA:154,0
DA:156,0
DA:157,0
DA:158,0
DA:159,0
DA:160,0
DA:161,0
DA:162,0
DA:163,0
DA:165,0
DA:166,0
DA:167,0
DA:168,0
DA:169,0
DA:170,0
DA:171,0
DA:172,0
DA:173,0
DA:174,0
DA:175,0
DA:177,0
DA:178,0
DA:179,0
DA:180,0
DA:181,0
DA:182,0
DA:183,0
DA:184,0
DA:185,0
DA:186,0
DA:187,0
DA:188,0
DA:189,0
DA:191,0
DA:192,0
DA:194,0
DA:195,0
DA:196,0
DA:197,0
DA:198,0
DA:200,0
DA:201,0
DA:202,0
DA:203,0
DA:204,0
DA:206,0
DA:207,0
DA:208,0
DA:209,0
DA:210,0
DA:211,0
DA:212,0
DA:213,0
DA:214,0
DA:215,0
DA:216,0
DA:217,0
DA:218,0
DA:219,0
DA:220,0
DA:221,0
DA:222,0
DA:223,0
DA:224,0
DA:225,0
DA:226,0
DA:227,0
DA:228,0
DA:229,0
DA:230,0
DA:231,0
DA:232,0
DA:233,0
DA:234,0
DA:235,0
DA:236,0
DA:237,0
DA:238,0
DA:239,0
DA:240,0
DA:241,0
DA:242,0
DA:244,0
DA:245,0
DA:246,0
DA:248,0
DA:249,0
DA:250,0
DA:253,0
DA:254,0
DA:255,0
DA:256,0
DA:257,0
DA:258,0
DA:259,0
DA:260,0
DA:261,0
DA:262,0
DA:264,0
DA:265,0
DA:266,0
DA:267,0
DA:268,0
DA:269,0
DA:270,0
DA:272,0
DA:273,0
DA:274,0
DA:275,0
DA:276,0
DA:278,0
DA:280,0
DA:281,0
DA:282,0
DA:283,0
DA:284,0
DA:285,0
DA:286,0
DA:287,0
DA:288,0
DA:290,0
DA:292,0
DA:293,0
DA:294,0
DA:295,0
DA:296,0
DA:297,0
DA:298,0
DA:299,0
DA:300,0
DA:301,0
DA:302,0
DA:303,0
DA:304,0
DA:305,0
DA:306,0
DA:307,0
DA:308,0
DA:309,0
DA:311,0
DA:312,0
DA:313,0
DA:314,0
DA:315,0
DA:316,0
DA:317,0
DA:318,0
DA:319,0
DA:320,0
DA:322,0
DA:323,0
DA:324,0
DA:325,0
DA:326,0
DA:328,0
DA:329,0
DA:330,0
DA:332,0
DA:333,0
DA:334,0
DA:335,0
DA:336,0
DA:338,0
DA:339,0
DA:340,0
DA:341,0
DA:342,0
DA:343,0
DA:344,0
DA:345,0
DA:346,0
DA:347,0
DA:348,0
DA:349,0
DA:350,0
DA:351,0
DA:352,0
DA:353,0
DA:354,0
DA:356,0
DA:357,0
DA:358,0
DA:359,0
DA:360,0
DA:361,0
DA:362,0
DA:363,0
DA:364,0
DA:366,0
DA:367,0
DA:368,0
DA:369,0
DA:370,0
DA:372,0
DA:373,0
DA:374,0
DA:376,0
DA:378,0
DA:379,0
DA:380,0
DA:381,0
DA:382,0
DA:383,0
DA:384,0
DA:385,0
DA:386,0
DA:387,0
DA:389,0
DA:390,0
DA:391,0
DA:392,0
DA:393,0
DA:395,0
DA:396,0
DA:398,0
DA:399,0
DA:401,0
DA:402,0
DA:404,0
LF:336
LH:0
BRDA:1,0,0,0
BRF:1
BRH:0
end_of_record
TN:
SF:src/components/islands/CopyButton.tsx
FN:9,CopyButton
FN:24,onClick
FNF:2
FNH:2
FNDA:5,CopyButton
FNDA:2,onClick
DA:1,1
DA:9,5
DA:10,5
DA:11,5
DA:12,5
DA:13,5
DA:14,5
DA:15,5
DA:17,5
DA:18,5
DA:19,4
DA:20,4
DA:21,5
DA:22,5
DA:24,5
DA:25,2
DA:26,2
DA:27,1
DA:28,1
DA:29,1
DA:30,2
DA:31,1
DA:32,2
DA:34,0
DA:35,2
DA:37,5
DA:38,5
DA:39,5
DA:40,1
DA:41,4
DA:43,5
DA:44,5
DA:45,5
DA:46,5
DA:47,5
DA:48,5
DA:49,5
DA:51,5
DA:52,1
DA:53,1
DA:54,1
DA:55,1
DA:56,1
DA:57,1
DA:58,1
DA:59,1
DA:60,1
DA:61,1
DA:63,4
DA:64,4
DA:65,4
DA:66,4
DA:67,4
DA:68,4
DA:69,4
DA:71,5
DA:73,5
LF:57
LH:56
BRDA:9,0,0,5
BRDA:39,1,0,1
BRDA:40,2,0,4
BRDA:47,3,0,1
BRDA:47,4,0,4
BRDA:48,5,0,1
BRDA:48,6,0,4
BRDA:51,7,0,1
BRDA:61,8,0,4
BRDA:18,9,0,4
BRDA:18,10,0,4
BRDA:19,11,0,1
BRDA:24,12,0,2
BRDA:26,13,0,1
BRDA:26,14,0,1
BRDA:30,15,0,0
BRDA:30,16,0,1
BRDA:32,17,0,0
BRF:18
BRH:16
end_of_record
TN:
SF:src/lib/bundle.ts
FN:48,byCodeAscending
FN:62,DictionaryBundle
FN:80,subclassesOf
FN:84,classesDeclaringProperty
FN:88,instancesOf
FN:92,relationsForClass
FN:96,relationsForCodomainClass
FN:100,propertiesForUnit
FN:104,propertiesForValueList
FN:108,propertiesByClassIrdi
FN:112,declaredPropertyCount
FN:116,search
FN:140,ancestorChainOf
FN:153,effectivePropertiesOf
FN:160,accumulateEffective
FN:178,collectProperties
FN:198,<instance_members_initializer>
FN:202,add
FN:212,toResult
FN:218,buildReverseIndex
FN:240,indexSubclasses
FN:248,indexClassesByProperty
FN:256,indexPowertypeInstances
FN:260,indexRelationsByDomain
FN:264,indexRelationsByCodomain
FN:272,indexPropertiesByUnit
FN:280,indexPropertiesByValueList
FN:288,indexDeclaredPropertiesByClass
FN:315,buildClassTree
FN:342,sortTree
FNF:30
FNH:22
FNDA:0,byCodeAscending
FNDA:6,DictionaryBundle
FNDA:2,subclassesOf
FNDA:0,classesDeclaringProperty
FNDA:0,instancesOf
FNDA:1,relationsForClass
FNDA:1,relationsForCodomainClass
FNDA:0,propertiesForUnit
FNDA:0,propertiesForValueList
FNDA:0,propertiesByClassIrdi
FNDA:0,declaredPropertyCount
FNDA:0,search
FNDA:2,ancestorChainOf
FNDA:1,effectivePropertiesOf
FNDA:2,accumulateEffective
FNDA:4,collectProperties
FNDA:1,<instance_members_initializer>
FNDA:2,add
FNDA:1,toResult
FNDA:42,buildReverseIndex
FNDA:6,indexSubclasses
FNDA:6,indexClassesByProperty
FNDA:6,indexPowertypeInstances
FNDA:6,indexRelationsByDomain
FNDA:6,indexRelationsByCodomain
FNDA:6,indexPropertiesByUnit
FNDA:6,indexPropertiesByValueList
FNDA:6,indexDeclaredPropertiesByClass
FNDA:6,buildClassTree
FNDA:17,sortTree
DA:1,1
DA:31,1
DA:32,1
DA:33,1
DA:34,1
DA:36,1
DA:38,1
DA:39,1
DA:40,1
DA:41,1
DA:42,1
DA:43,1
DA:44,1
DA:45,1
DA:46,1
DA:48,0
DA:49,0
DA:50,0
DA:52,1
DA:53,1
DA:54,1
DA:55,1
DA:56,1
DA:57,1
DA:58,1
DA:59,1
DA:60,1
DA:62,1
DA:63,6
DA:64,6
DA:65,6
DA:66,6
DA:67,6
DA:68,6
DA:69,6
DA:70,6
DA:71,6
DA:72,6
DA:73,6
DA:74,6
DA:75,6
DA:76,6
DA:77,6
DA:78,6
DA:80,1
DA:81,2
DA:82,2
DA:84,1
DA:85,0
DA:86,0
DA:88,1
DA:89,0
DA:90,0
DA:92,1
DA:93,1
DA:94,1
DA:96,1
DA:97,1
DA:98,1
DA:100,1
DA:101,0
DA:102,0
DA:104,1
DA:105,0
DA:106,0
DA:108,1
DA:109,0
DA:110,0
DA:112,1
DA:113,0
DA:114,0
DA:116,1
DA:117,0
DA:118,0
DA:119,0
DA:120,0
DA:121,0
DA:122,0
DA:123,0
DA:124,0
DA:125,0
DA:126,0
DA:127,0
DA:128,0
DA:129,0
DA:130,0
DA:131,0
DA:132,0
DA:133,0
DA:134,0
DA:135,0
DA:136,0
DA:137,0
DA:138,0
DA:140,1
DA:141,2
DA:142,2
DA:143,2
DA:144,2
DA:145,5
DA:146,5
DA:147,5
DA:148,5
DA:149,5
DA:150,2
DA:151,2
DA:153,1
DA:154,1
DA:155,1
DA:156,1
DA:157,1
DA:158,1
DA:160,1
DA:161,2
DA:162,2
DA:163,2
DA:164,2
DA:165,2
DA:166,2
DA:167,2
DA:168,2
DA:170,2
DA:171,2
DA:173,2
DA:174,2
DA:175,2
DA:176,2
DA:178,1
DA:179,4
DA:180,4
DA:181,4
DA:182,4
DA:183,4
DA:184,2
DA:185,2
DA:186,2
DA:187,2
DA:188,2
DA:189,4
DA:190,1
DA:197,1
DA:198,1
DA:199,1
DA:200,1
DA:202,1
DA:203,2
DA:204,2
DA:205,2
DA:206,2
DA:207,2
DA:208,2
DA:209,2
DA:210,2
DA:212,1
DA:213,1
DA:214,1
DA:215,1
DA:216,1
DA:218,42
DA:219,42
DA:220,42
DA:221,42
DA:222,42
DA:223,42
DA:224,42
DA:225,45
DA:226,45
DA:227,45
DA:228,11
DA:229,11
DA:230,11
DA:231,11
DA:232,11
DA:233,11
DA:234,42
DA:235,10
DA:236,10
DA:237,42
DA:238,42
DA:240,6
DA:241,6
DA:242,6
DA:243,6
DA:244,6
DA:245,6
DA:246,6
DA:248,6
DA:249,6
DA:250,6
DA:251,6
DA:252,6
DA:253,6
DA:254,6
DA:256,6
DA:257,6
DA:258,6
DA:260,6
DA:261,6
DA:262,6
DA:264,6
DA:265,6
DA:266,6
DA:267,6
DA:268,6
DA:269,6
DA:270,6
DA:272,6
DA:273,6
DA:274,6
DA:275,6
DA:276,6
DA:277,6
DA:278,6
DA:280,6
DA:281,6
DA:282,6
DA:283,6
DA:284,6
DA:285,6
DA:286,6
DA:288,6
DA:289,6
DA:290,6
DA:291,6
DA:292,6
DA:293,13
DA:294,13
DA:295,13
DA:296,13
DA:297,2
DA:298,2
DA:299,2
DA:300,2
DA:301,2
DA:302,2
DA:303,2
DA:304,2
DA:305,2
DA:306,13
DA:307,6
DA:308,6
DA:315,1
DA:316,6
DA:317,6
DA:318,6
DA:319,6
DA:320,13
DA:321,13
DA:322,13
DA:323,13
DA:324,13
DA:325,13
DA:326,13
DA:327,13
DA:328,13
DA:329,13
DA:330,6
DA:331,6
DA:332,13
DA:333,7
DA:334,13
DA:335,6
DA:336,6
DA:337,13
DA:338,6
DA:339,6
DA:340,6
DA:342,17
DA:343,17
DA:344,17
DA:345,17
LF:271
LH:234
BRDA:62,0,0,6
BRDA:80,1,0,2
BRDA:81,2,0,1
BRDA:92,3,0,1
BRDA:93,4,0,0
BRDA:96,5,0,1
BRDA:97,6,0,0
BRDA:140,7,0,2
BRDA:144,8,0,6
BRDA:144,9,0,6
BRDA:144,10,0,5
BRDA:148,11,0,4
BRDA:148,12,0,1
BRDA:153,13,0,1
BRDA:160,14,0,2
BRDA:165,15,0,0
BRDA:168,16,0,0
BRDA:173,17,0,1
BRDA:175,18,0,0
BRDA:178,19,0,4
BRDA:183,20,0,2
BRDA:186,21,0,0
BRDA:198,22,0,1
BRDA:202,23,0,2
BRDA:212,24,0,1
BRDA:213,25,0,2
BRDA:218,26,0,42
BRDA:224,27,0,20
BRDA:224,28,0,45
BRDA:225,29,0,0
BRDA:227,30,0,34
BRDA:227,31,0,11
BRDA:229,32,0,10
BRDA:234,33,0,10
BRDA:235,34,0,1
BRDA:235,35,0,0
BRDA:235,36,0,0
BRDA:240,37,0,6
BRDA:244,38,0,13
BRDA:244,39,0,7
BRDA:244,40,0,6
BRDA:248,41,0,6
BRDA:252,42,0,13
BRDA:256,43,0,6
BRDA:257,44,0,13
BRDA:260,45,0,6
BRDA:261,46,0,1
BRDA:264,47,0,6
BRDA:268,48,0,1
BRDA:268,49,0,0
BRDA:272,50,0,6
BRDA:276,51,0,2
BRDA:276,52,0,0
BRDA:280,53,0,6
BRDA:284,54,0,2
BRDA:284,55,0,0
BRDA:288,56,0,6
BRDA:292,57,0,0
BRDA:292,58,0,13
BRDA:293,59,0,0
BRDA:296,60,0,2
BRDA:296,61,0,11
BRDA:296,62,0,2
BRDA:315,63,0,6
BRDA:319,64,0,13
BRDA:320,65,0,0
BRDA:331,66,0,13
BRDA:332,67,0,7
BRDA:332,68,0,7
BRDA:334,69,0,6
BRDA:342,70,0,17
BRDA:344,71,0,11
BRDA:343,72,0,2
BRDA:343,73,0,0
BRDA:343,74,0,0
BRF:75
BRH:58
end_of_record
TN:
SF:src/lib/cn.ts
FN:2,cn
FNF:1
FNH:1
FNDA:5,cn
DA:2,1
DA:3,5
DA:4,5
DA:5,5
DA:6,5
LF:5
LH:5
BRDA:2,0,0,5
BRF:1
BRH:1
end_of_record
TN:
SF:src/lib/data.ts
FN:1,(empty-report)
FNF:1
FNH:0
FNDA:0,(empty-report)
DA:1,0
DA:15,0
DA:17,0
DA:18,0
DA:20,0
DA:21,0
DA:22,0
DA:24,0
DA:25,0
DA:26,0
DA:28,0
DA:29,0
DA:30,0
DA:31,0
DA:32,0
DA:33,0
DA:34,0
DA:35,0
DA:36,0
DA:37,0
DA:38,0
DA:39,0
DA:41,0
DA:42,0
DA:43,0
DA:45,0
DA:46,0
DA:47,0
DA:49,0
DA:50,0
DA:51,0
DA:52,0
DA:53,0
DA:54,0
DA:56,0
DA:57,0
DA:58,0
DA:59,0
DA:60,0
DA:61,0
DA:62,0
DA:63,0
DA:64,0
DA:65,0
DA:67,0
DA:68,0
DA:69,0
DA:70,0
DA:71,0
DA:72,0
DA:73,0
DA:74,0
DA:75,0
DA:76,0
DA:77,0
DA:79,0
DA:80,0
DA:81,0
DA:82,0
DA:84,0
DA:85,0
DA:86,0
DA:93,0
DA:94,0
DA:95,0
DA:96,0
DA:97,0
DA:98,0
DA:99,0
DA:100,0
DA:101,0
DA:102,0
DA:103,0
DA:109,0
DA:113,0
DA:114,0
DA:115,0
DA:116,0
DA:117,0
DA:118,0
DA:119,0
DA:120,0
DA:121,0
DA:122,0
DA:123,0
DA:124,0
DA:125,0
DA:128,0
DA:129,0
DA:130,0
DA:131,0
DA:132,0
DA:133,0
LF:93
LH:0
BRDA:1,0,0,0
BRF:1
BRH:0
end_of_record
TN:
SF:src/lib/dataType.ts
FN:77,parseDataType
FN:116,dataTypeLabel
FNF:2
FNH:2
FNDA:15,parseDataType
FNDA:4,dataTypeLabel
DA:45,1
DA:46,1
DA:47,1
DA:48,1
DA:49,1
DA:50,1
DA:51,1
DA:52,1
DA:53,1
DA:54,1
DA:55,1
DA:56,1
DA:57,1
DA:58,1
DA:59,1
DA:60,1
DA:61,1
DA:62,1
DA:63,1
DA:65,1
DA:66,1
DA:67,1
DA:68,1
DA:69,1
DA:70,1
DA:71,1
DA:72,1
DA:74,1
DA:75,1
DA:77,1
DA:78,15
DA:79,2
DA:80,2
DA:81,13
DA:82,15
DA:83,2
DA:84,2
DA:86,11
DA:87,15
DA:88,2
DA:89,2
DA:90,2
DA:91,2
DA:92,2
DA:93,2
DA:94,2
DA:95,2
DA:97,9
DA:98,15
DA:99,2
DA:100,2
DA:101,2
DA:102,2
DA:103,2
DA:105,15
DA:106,2
DA:107,2
DA:109,15
DA:110,3
DA:111,3
DA:113,2
DA:114,2
DA:116,1
DA:117,4
DA:118,4
DA:119,1
DA:120,4
DA:121,0
DA:122,4
DA:123,0
DA:124,4
DA:125,1
DA:126,4
DA:127,2
DA:128,4
DA:129,4
LF:76
LH:74
BRDA:77,0,0,15
BRDA:78,1,0,14
BRDA:78,2,0,2
BRDA:80,3,0,13
BRDA:82,4,0,2
BRDA:84,5,0,11
BRDA:87,6,0,2
BRDA:95,7,0,9
BRDA:98,8,0,2
BRDA:103,9,0,7
BRDA:105,10,0,2
BRDA:107,11,0,5
BRDA:109,12,0,3
BRDA:111,13,0,2
BRDA:116,14,0,4
BRDA:118,15,0,1
BRDA:120,16,0,0
BRDA:122,17,0,0
BRDA:124,18,0,1
BRDA:126,19,0,2
BRDA:127,20,0,1
BRF:21
BRH:19
end_of_record
TN:
SF:src/lib/entityTypeMeta.ts
FN:106,entityTypeMeta
FN:110,entityLabelFor
FN:114,entityPluralLabelFor
FN:118,entityPluralTitleFor
FN:123,badgeToneFor
FN:127,routeSegmentFor
FN:144,entityTypeForSegment
FN:151,entityRoute
FN:155,countForType
FN:162,totalEntityCount
FN:170,detailableTypeOf
FNF:11
FNH:9
FNDA:1,entityTypeMeta
FNDA:21,entityLabelFor
FNDA:14,entityPluralLabelFor
FNDA:2,entityPluralTitleFor
FNDA:7,badgeToneFor
FNDA:15,routeSegmentFor
FNDA:9,entityTypeForSegment
FNDA:2,entityRoute
FNDA:0,countForType
FNDA:0,totalEntityCount
FNDA:2,detailableTypeOf
DA:30,1
DA:31,1
DA:32,1
DA:33,1
DA:34,1
DA:35,1
DA:36,1
DA:37,1
DA:38,1
DA:39,1
DA:40,1
DA:41,1
DA:42,1
DA:43,1
DA:44,1
DA:45,1
DA:46,1
DA:47,1
DA:48,1
DA:49,1
DA:50,1
DA:51,1
DA:52,1
DA:53,1
DA:54,1
DA:55,1
DA:56,1
DA:57,1
DA:58,1
DA:59,1
DA:60,1
DA:61,1
DA:62,1
DA:63,1
DA:64,1
DA:65,1
DA:66,1
DA:67,1
DA:68,1
DA:69,1
DA:70,1
DA:71,1
DA:72,1
DA:73,1
DA:74,1
DA:75,1
DA:76,1
DA:77,1
DA:78,1
DA:79,1
DA:80,1
DA:81,1
DA:82,1
DA:83,1
DA:84,1
DA:85,1
DA:86,1
DA:88,1
DA:89,1
DA:90,1
DA:91,1
DA:92,1
DA:93,1
DA:94,1
DA:95,1
DA:96,1
DA:98,1
DA:99,1
DA:100,1
DA:102,1
DA:103,1
DA:104,1
DA:106,1
DA:107,1
DA:108,1
DA:110,1
DA:111,21
DA:112,21
DA:114,1
DA:115,14
DA:116,14
DA:118,1
DA:119,2
DA:120,2
DA:121,2
DA:123,1
DA:124,7
DA:125,7
DA:127,1
DA:128,15
DA:129,15
DA:130,1
DA:131,1
DA:132,14
DA:133,14
DA:135,1
DA:136,1
DA:137,1
DA:138,6
DA:139,6
DA:140,6
DA:141,1
DA:142,1
DA:144,1
DA:145,9
DA:146,9
DA:147,9
DA:148,9
DA:149,9
DA:151,1
DA:152,2
DA:153,2
DA:155,1
DA:156,0
DA:157,0
DA:158,0
DA:159,0
DA:160,0
DA:162,1
DA:163,0
DA:164,0
DA:165,0
DA:166,0
DA:167,0
DA:168,0
DA:170,1
DA:171,2
DA:172,2
LF:128
LH:117
BRDA:99,0,0,7
BRDA:103,1,0,7
BRDA:106,2,0,1
BRDA:110,3,0,21
BRDA:114,4,0,14
BRDA:118,5,0,2
BRDA:123,6,0,7
BRDA:127,7,0,15
BRDA:129,8,0,1
BRDA:131,9,0,14
BRDA:135,10,0,1
BRDA:137,11,0,6
BRDA:144,12,0,9
BRDA:147,13,0,2
BRDA:147,14,0,7
BRDA:148,15,0,1
BRDA:151,16,0,2
BRDA:170,17,0,2
BRDA:171,18,0,1
BRDA:171,19,0,1
BRF:20
BRH:20
end_of_record
TN:
SF:src/lib/irdi.ts
FN:9,codeFromIrdi
FNF:1
FNH:1
FNDA:6,codeFromIrdi
DA:9,1
DA:10,6
DA:11,6
DA:12,6
LF:4
LH:4
BRDA:9,0,0,6
BRDA:11,1,0,2
BRDA:11,2,0,4
BRF:3
BRH:3
end_of_record
TN:
SF:src/lib/platform.ts
FN:3,isApplePlatform
FN:9,platformModifierLabel
FNF:2
FNH:2
FNDA:2,isApplePlatform
FNDA:1,platformModifierLabel
DA:3,1
DA:4,2
DA:5,2
DA:6,2
DA:7,2
DA:9,1
DA:10,1
DA:11,1
LF:8
LH:8
BRDA:3,0,0,2
BRDA:4,1,0,0
BRDA:5,2,0,0
BRDA:5,3,0,0
BRDA:9,4,0,1
BRDA:10,5,0,0
BRF:6
BRH:2
end_of_record
TN:
SF:src/lib/registry.ts
FN:1,(empty-report)
FNF:1
FNH:1
FNDA:1,(empty-report)
LF:0
LH:0
BRDA:1,0,0,1
BRF:1
BRH:1
end_of_record
TN:
SF:src/lib/search.ts
FN:11,normalizeSearchQuery
FN:15,entityMatches
FNF:2
FNH:2
FNDA:2,normalizeSearchQuery
FNDA:6,entityMatches
DA:11,1
DA:12,2
DA:13,2
DA:15,1
DA:16,6
DA:17,5
DA:18,6
DA:19,6
DA:20,2
DA:21,6
DA:22,1
DA:23,1
LF:12
LH:12
BRDA:11,0,0,2
BRDA:15,1,0,6
BRDA:16,2,0,1
BRDA:16,3,0,5
BRDA:18,4,0,3
BRDA:18,5,0,2
BRDA:19,6,0,0
BRDA:19,7,0,2
BRDA:21,8,0,1
BRF:9
BRH:8
end_of_record
TN:
SF:src/lib/text.ts
FN:6,sectionSlug
FNF:1
FNH:1
FNDA:4,sectionSlug
DA:6,1
DA:7,4
DA:8,4
DA:9,4
DA:10,4
DA:11,4
DA:12,4
DA:13,4
LF:8
LH:8
BRDA:6,0,0,4
BRF:1
BRH:1
end_of_record
TN:
SF:src/lib/tree.ts
FN:23,buildFlatTree
FN:29,walk
FNF:2
FNH:2
FNDA:4,buildFlatTree
FNDA:10,walk
DA:1,1
DA:23,1
DA:24,4
DA:25,4
DA:26,4
DA:27,4
DA:29,10
DA:30,10
DA:31,10
DA:32,10
DA:33,10
DA:34,10
DA:35,10
DA:36,10
DA:37,6
DA:38,6
DA:39,6
DA:40,6
DA:41,6
DA:42,6
DA:43,6
DA:44,6
DA:45,6
DA:46,6
DA:47,10
LF:25
LH:25
BRDA:23,0,0,4
BRDA:29,1,0,10
BRDA:36,2,0,6
BRDA:39,3,0,1
BRDA:40,4,0,1
BRDA:40,5,0,1
BRF:6
BRH:6
end_of_record
TN:
SF:src/lib/types.ts
FN:125,isClassNode
FN:129,isPropertyNode
FN:133,isUnitNode
FN:137,isValueListNode
FN:141,isValueTermNode
FN:145,isRelationNode
FN:149,isViewControlNode
FNF:7
FNH:2
FNDA:8,isClassNode
FNDA:4,isPropertyNode
FNDA:0,isUnitNode
FNDA:0,isValueListNode
FNDA:0,isValueTermNode
FNDA:0,isRelationNode
FNDA:0,isViewControlNode
DA:125,1
DA:126,8
DA:127,8
DA:129,1
DA:130,4
DA:131,4
DA:133,1
DA:134,0
DA:135,0
DA:137,1
DA:138,0
DA:139,0
DA:141,1
DA:142,0
DA:143,0
DA:145,1
DA:146,0
DA:147,0
DA:149,1
DA:150,0
DA:151,0
LF:21
LH:11
BRDA:125,0,0,8
BRDA:129,1,0,4
BRF:2
BRH:2
end_of_record
